[05-Apr-2024 16:47:18] NOTICE: fpm is running, pid 1555
[05-Apr-2024 16:47:18] NOTICE: ready to handle connections
[05-Apr-2024 16:49:08] NOTICE: Terminating ...
[05-Apr-2024 16:49:08] NOTICE: Terminating ...
[05-Apr-2024 16:49:08] NOTICE: exiting, bye-bye!
[05-Apr-2024 16:49:10] NOTICE: fpm is running, pid 1782
[05-Apr-2024 16:49:10] NOTICE: ready to handle connections
[05-Apr-2024 16:50:07] NOTICE: Terminating ...
[05-Apr-2024 16:50:07] NOTICE: Terminating ...
[05-Apr-2024 16:50:07] NOTICE: exiting, bye-bye!
[05-Apr-2024 18:39:02] NOTICE: fpm is running, pid 2140
[05-Apr-2024 18:39:02] NOTICE: ready to handle connections
[05-Apr-2024 18:50:49] NOTICE: Terminating ...
[05-Apr-2024 18:50:49] NOTICE: Terminating ...
[05-Apr-2024 18:50:49] NOTICE: exiting, bye-bye!
[06-Apr-2024 15:29:44] NOTICE: fpm is running, pid 2401
[06-Apr-2024 15:29:44] NOTICE: ready to handle connections
[06-Apr-2024 16:49:49] NOTICE: Terminating ...
[06-Apr-2024 16:49:49] NOTICE: Terminating ...
[06-Apr-2024 16:49:49] NOTICE: exiting, bye-bye!
[07-Apr-2024 15:08:21] NOTICE: fpm is running, pid 4290
[07-Apr-2024 15:08:21] NOTICE: ready to handle connections
[07-Apr-2024 15:55:57] NOTICE: Terminating ...
[07-Apr-2024 15:55:57] NOTICE: Terminating ...
[07-Apr-2024 15:55:57] NOTICE: exiting, bye-bye!
[11-Apr-2024 11:20:50] NOTICE: fpm is running, pid 6024
[11-Apr-2024 11:20:50] NOTICE: ready to handle connections
[11-Apr-2024 11:39:20] NOTICE: Terminating ...
[11-Apr-2024 11:39:20] NOTICE: Terminating ...
[11-Apr-2024 11:39:20] NOTICE: exiting, bye-bye!
[12-Apr-2024 19:02:17] NOTICE: fpm is running, pid 6718
[12-Apr-2024 19:02:17] NOTICE: ready to handle connections
[12-Apr-2024 19:27:03] NOTICE: Terminating ...
[12-Apr-2024 19:27:03] NOTICE: Terminating ...
[12-Apr-2024 19:27:03] NOTICE: exiting, bye-bye!
[13-Apr-2024 18:02:57] NOTICE: fpm is running, pid 8955
[13-Apr-2024 18:02:57] NOTICE: ready to handle connections
[13-Apr-2024 18:37:14] NOTICE: Terminating ...
[13-Apr-2024 18:37:14] NOTICE: Terminating ...
[13-Apr-2024 18:37:14] NOTICE: exiting, bye-bye!
[14-Apr-2024 17:17:11] NOTICE: fpm is running, pid 9946
[14-Apr-2024 17:17:11] NOTICE: ready to handle connections
[14-Apr-2024 18:04:03] NOTICE: Terminating ...
[14-Apr-2024 18:04:03] NOTICE: Terminating ...
[14-Apr-2024 18:04:03] NOTICE: exiting, bye-bye!
[15-Apr-2024 21:57:27] NOTICE: fpm is running, pid 10462
[15-Apr-2024 21:57:27] NOTICE: ready to handle connections
[15-Apr-2024 22:45:06] NOTICE: Terminating ...
[15-Apr-2024 22:45:06] NOTICE: Terminating ...
[15-Apr-2024 22:45:06] NOTICE: exiting, bye-bye!
[19-Apr-2024 14:01:46] NOTICE: fpm is running, pid 12827
[19-Apr-2024 14:01:46] NOTICE: ready to handle connections
[19-Apr-2024 14:41:58] NOTICE: Terminating ...
[19-Apr-2024 14:41:58] NOTICE: Terminating ...
[19-Apr-2024 14:41:58] NOTICE: exiting, bye-bye!
[19-Apr-2024 15:32:42] NOTICE: fpm is running, pid 13578
[19-Apr-2024 15:32:42] NOTICE: ready to handle connections
[19-Apr-2024 15:53:13] NOTICE: Terminating ...
[19-Apr-2024 15:53:13] NOTICE: Terminating ...
[19-Apr-2024 15:53:13] NOTICE: exiting, bye-bye!
[20-Apr-2024 16:14:56] NOTICE: fpm is running, pid 13824
[20-Apr-2024 16:14:56] NOTICE: ready to handle connections
[20-Apr-2024 17:09:40] NOTICE: Terminating ...
[20-Apr-2024 17:09:40] NOTICE: Terminating ...
[20-Apr-2024 17:09:40] NOTICE: exiting, bye-bye!
[21-Apr-2024 14:09:54] NOTICE: fpm is running, pid 15021
[21-Apr-2024 14:09:54] NOTICE: ready to handle connections
[21-Apr-2024 14:54:45] NOTICE: Terminating ...
[21-Apr-2024 14:54:45] NOTICE: Terminating ...
[21-Apr-2024 14:54:46] NOTICE: exiting, bye-bye!
[28-Apr-2024 17:35:46] NOTICE: fpm is running, pid 17755
[28-Apr-2024 17:35:46] NOTICE: ready to handle connections
[28-Apr-2024 18:00:04] NOTICE: Terminating ...
[28-Apr-2024 18:00:04] NOTICE: Terminating ...
[28-Apr-2024 18:00:04] NOTICE: exiting, bye-bye!
[05-May-2024 17:44:39] NOTICE: fpm is running, pid 20626
[05-May-2024 17:44:39] NOTICE: ready to handle connections
[05-May-2024 18:16:40] NOTICE: Terminating ...
[05-May-2024 18:16:40] NOTICE: Terminating ...
[05-May-2024 18:16:40] NOTICE: exiting, bye-bye!
[05-May-2024 19:11:02] NOTICE: fpm is running, pid 20965
[05-May-2024 19:11:02] NOTICE: ready to handle connections
[05-May-2024 19:58:19] NOTICE: Terminating ...
[05-May-2024 19:58:19] NOTICE: Terminating ...
[05-May-2024 19:58:19] NOTICE: exiting, bye-bye!
[05-May-2024 21:23:35] NOTICE: fpm is running, pid 21420
[05-May-2024 21:23:35] NOTICE: ready to handle connections
[05-May-2024 21:24:19] NOTICE: Terminating ...
[05-May-2024 21:24:19] NOTICE: Terminating ...
[05-May-2024 21:24:19] NOTICE: exiting, bye-bye!
[11-May-2024 19:11:05] NOTICE: fpm is running, pid 23416
[11-May-2024 19:11:05] NOTICE: ready to handle connections
[12-May-2024 16:04:13] NOTICE: Terminating ...
[12-May-2024 16:04:13] NOTICE: Terminating ...
[12-May-2024 16:04:13] NOTICE: exiting, bye-bye!
[12-May-2024 17:58:50] NOTICE: fpm is running, pid 24632
[12-May-2024 17:58:50] NOTICE: ready to handle connections
[12-May-2024 18:24:50] NOTICE: Terminating ...
[12-May-2024 18:24:50] NOTICE: Terminating ...
[12-May-2024 18:24:50] NOTICE: exiting, bye-bye!
[17-May-2024 18:32:22] NOTICE: fpm is running, pid 25589
[17-May-2024 18:32:22] NOTICE: ready to handle connections
[17-May-2024 19:01:40] NOTICE: Terminating ...
[17-May-2024 19:01:40] NOTICE: Terminating ...
[17-May-2024 19:01:40] NOTICE: exiting, bye-bye!
[18-May-2024 16:49:10] NOTICE: fpm is running, pid 27867
[18-May-2024 16:49:10] NOTICE: ready to handle connections
[26-May-2024 14:20:16] NOTICE: Terminating ...
[26-May-2024 14:20:16] NOTICE: Terminating ...
[26-May-2024 14:20:16] NOTICE: exiting, bye-bye!
[26-May-2024 16:14:19] NOTICE: fpm is running, pid 31013
[26-May-2024 16:14:19] NOTICE: ready to handle connections
[26-May-2024 16:52:04] NOTICE: Terminating ...
[26-May-2024 16:52:04] NOTICE: Terminating ...
[26-May-2024 16:52:04] NOTICE: exiting, bye-bye!
